app/build/intermediates/manifest_merge_blame_file/release/manifest-merger-blame-release-report.txt
1<?xml version="1.0" encoding="utf-8"?>
2<manifest xmlns:android="http://schemas.android.com/apk/res/android"
3    package="com.example.chilidisease"
4    android:versionCode="1"
5    android:versionName="1.0" >
6
7    <uses-sdk
8        android:minSdkVersion="24"
9        android:targetSdkVersion="34" />
10
11    <!-- ══ Izin kamera (real-time + foto) ══ -->
12    <uses-permission android:name="android.permission.CAMERA" />
12-->src\main\AndroidManifest.xml:6:5-65
12-->src\main\AndroidManifest.xml:6:22-62
13
14    <!-- ══ Notifikasi penyakit (Android 13+) ══ -->
15    <uses-permission android:name="android.permission.POST_NOTIFICATIONS" />
15-->src\main\AndroidManifest.xml:9:5-77
15-->src\main\AndroidManifest.xml:9:22-74
16
17    <!--
18         ══ Akses media/galeri ══
19         Android 13+: READ_MEDIA_IMAGES
20         Android < 13: READ_EXTERNAL_STORAGE
21    -->
22    <uses-permission
22-->src\main\AndroidManifest.xml:14:5-16:38
23        android:name="android.permission.READ_MEDIA_IMAGES"
23-->src\main\AndroidManifest.xml:15:9-60
24        android:minSdkVersion="33" />
24-->src\main\AndroidManifest.xml:16:9-35
25    <uses-permission
25-->src\main\AndroidManifest.xml:17:5-19:38
26        android:name="android.permission.READ_EXTERNAL_STORAGE"
26-->src\main\AndroidManifest.xml:18:9-64
27        android:maxSdkVersion="32" />
27-->src\main\AndroidManifest.xml:19:9-35
28
29    <!-- Tidak butuh WRITE_EXTERNAL_STORAGE di API 29+ (scoped storage) -->
30    <uses-permission
30-->src\main\AndroidManifest.xml:22:5-24:38
31        android:name="android.permission.WRITE_EXTERNAL_STORAGE"
31-->src\main\AndroidManifest.xml:23:9-65
32        android:maxSdkVersion="28" />
32-->src\main\AndroidManifest.xml:24:9-35
33    <uses-permission android:name="android.permission.INTERNET" />
33-->src\main\AndroidManifest.xml:26:5-67
33-->src\main\AndroidManifest.xml:26:22-64
34
35    <uses-feature
35-->src\main\AndroidManifest.xml:28:5-93
36        android:name="android.hardware.camera"
36-->src\main\AndroidManifest.xml:28:19-57
37        android:required="true" />
37-->src\main\AndroidManifest.xml:28:67-90
38    <uses-feature
38-->src\main\AndroidManifest.xml:29:5-95
39        android:name="android.hardware.camera.autofocus"
39-->src\main\AndroidManifest.xml:29:19-67
40        android:required="false" />
40-->src\main\AndroidManifest.xml:29:68-92
41
42    <queries>
42-->[androidx.camera:camera-extensions:1.3.1] AndroidManifest.xml:22:5-26:15
43        <intent>
43-->[androidx.camera:camera-extensions:1.3.1] AndroidManifest.xml:23:9-25:18
44            <action android:name="androidx.camera.extensions.action.VENDOR_ACTION" />
44-->[androidx.camera:camera-extensions:1.3.1] AndroidManifest.xml:24:13-86
44-->[androidx.camera:camera-extensions:1.3.1] AndroidManifest.xml:24:21-83
45        </intent>
46    </queries>
47
48    <permission
48-->[androidx.core:core:1.12.0] AndroidManifest.xml:22:5-24:47
49        android:name="com.example.chilidisease.DYNAMIC_RECEIVER_NOT_EXPORTED_PERMISSION"
49-->[androidx.core:core:1.12.0] AndroidManifest.xml:23:9-81
50        android:protectionLevel="signature" />
50-->[androidx.core:core:1.12.0] AndroidManifest.xml:24:9-44
51
52    <uses-permission android:name="com.example.chilidisease.DYNAMIC_RECEIVER_NOT_EXPORTED_PERMISSION" />
52-->[androidx.core:core:1.12.0] AndroidManifest.xml:26:5-97
52-->[androidx.core:core:1.12.0] AndroidManifest.xml:26:22-94
53
54    <application
54-->src\main\AndroidManifest.xml:32:5-106:19
55        android:allowBackup="true"
55-->src\main\AndroidManifest.xml:33:9-35
56        android:appComponentFactory="androidx.core.app.CoreComponentFactory"
56-->[androidx.core:core:1.12.0] AndroidManifest.xml:28:18-86
57        android:dataExtractionRules="@xml/data_extraction_rules"
57-->src\main\AndroidManifest.xml:34:9-65
58        android:extractNativeLibs="false"
59        android:fullBackupContent="@xml/backup_rules"
59-->src\main\AndroidManifest.xml:35:9-54
60        android:icon="@mipmap/ic_launcher"
60-->src\main\AndroidManifest.xml:36:9-43
61        android:label="@string/app_name"
61-->src\main\AndroidManifest.xml:37:9-41
62        android:roundIcon="@mipmap/ic_launcher_round"
62-->src\main\AndroidManifest.xml:38:9-54
63        android:supportsRtl="true"
63-->src\main\AndroidManifest.xml:39:9-35
64        android:theme="@style/Theme.ChiliDisease" >
64-->src\main\AndroidManifest.xml:40:9-50
65
66        <!-- 1. Splash Screen (Launcher) -->
67        <activity
67-->src\main\AndroidManifest.xml:44:9-53:20
68            android:name="com.example.chilidisease.SplashActivity"
68-->src\main\AndroidManifest.xml:45:13-43
69            android:exported="true"
69-->src\main\AndroidManifest.xml:46:13-36
70            android:screenOrientation="portrait"
70-->src\main\AndroidManifest.xml:47:13-49
71            android:theme="@style/Theme.ChiliDisease.Splash" >
71-->src\main\AndroidManifest.xml:48:13-61
72            <intent-filter>
72-->src\main\AndroidManifest.xml:49:13-52:29
73                <action android:name="android.intent.action.MAIN" />
73-->src\main\AndroidManifest.xml:50:17-69
73-->src\main\AndroidManifest.xml:50:25-66
74
75                <category android:name="android.intent.category.LAUNCHER" />
75-->src\main\AndroidManifest.xml:51:17-77
75-->src\main\AndroidManifest.xml:51:27-74
76            </intent-filter>
77        </activity>
78
79        <!-- 2. Kamera Real-time + Deteksi -->
80        <activity
80-->src\main\AndroidManifest.xml:56:9-60:58
81            android:name="com.example.chilidisease.MainActivity"
81-->src\main\AndroidManifest.xml:57:13-41
82            android:exported="false"
82-->src\main\AndroidManifest.xml:58:13-37
83            android:screenOrientation="portrait"
83-->src\main\AndroidManifest.xml:59:13-49
84            android:windowSoftInputMode="adjustResize" />
84-->src\main\AndroidManifest.xml:60:13-55
85
86        <!-- 3. Analisis Foto (galeri / ambil foto) — FITUR BARU -->
87        <activity
87-->src\main\AndroidManifest.xml:63:9-71:20
88            android:name="com.example.chilidisease.PhotoAnalysisActivity"
88-->src\main\AndroidManifest.xml:64:13-50
89            android:exported="false"
89-->src\main\AndroidManifest.xml:65:13-37
90            android:parentActivityName="com.example.chilidisease.MainActivity"
90-->src\main\AndroidManifest.xml:67:13-55
91            android:screenOrientation="portrait" >
91-->src\main\AndroidManifest.xml:66:13-49
92            <meta-data
92-->src\main\AndroidManifest.xml:68:13-70:49
93                android:name="android.support.PARENT_ACTIVITY"
93-->src\main\AndroidManifest.xml:69:17-63
94                android:value=".MainActivity" />
94-->src\main\AndroidManifest.xml:70:17-46
95        </activity>
96
97        <!-- 4. Riwayat Deteksi -->
98        <activity
98-->src\main\AndroidManifest.xml:74:9-82:20
99            android:name="com.example.chilidisease.DetectionHistoryActivity"
99-->src\main\AndroidManifest.xml:75:13-53
100            android:exported="false"
100-->src\main\AndroidManifest.xml:76:13-37
101            android:parentActivityName="com.example.chilidisease.MainActivity"
101-->src\main\AndroidManifest.xml:78:13-55
102            android:screenOrientation="portrait" >
102-->src\main\AndroidManifest.xml:77:13-49
103            <meta-data
103-->src\main\AndroidManifest.xml:68:13-70:49
104                android:name="android.support.PARENT_ACTIVITY"
104-->src\main\AndroidManifest.xml:69:17-63
105                android:value=".MainActivity" />
105-->src\main\AndroidManifest.xml:70:17-46
106        </activity>
107
108        <!-- 5. Pengaturan -->
109        <activity
109-->src\main\AndroidManifest.xml:85:9-93:20
110            android:name="com.example.chilidisease.SettingsActivity"
110-->src\main\AndroidManifest.xml:86:13-45
111            android:exported="false"
111-->src\main\AndroidManifest.xml:87:13-37
112            android:parentActivityName="com.example.chilidisease.MainActivity"
112-->src\main\AndroidManifest.xml:89:13-55
113            android:screenOrientation="portrait" >
113-->src\main\AndroidManifest.xml:88:13-49
114            <meta-data
114-->src\main\AndroidManifest.xml:68:13-70:49
115                android:name="android.support.PARENT_ACTIVITY"
115-->src\main\AndroidManifest.xml:69:17-63
116                android:value=".MainActivity" />
116-->src\main\AndroidManifest.xml:70:17-46
117        </activity>
118
119        <!-- FileProvider: share foto hasil analisis + ekspor CSV -->
120        <provider
120-->src\main\AndroidManifest.xml:96:9-104:20
121            android:name="androidx.core.content.FileProvider"
121-->src\main\AndroidManifest.xml:97:13-62
122            android:authorities="com.example.chilidisease.fileprovider"
122-->src\main\AndroidManifest.xml:98:13-72
123            android:exported="false"
123-->src\main\AndroidManifest.xml:99:13-37
124            android:grantUriPermissions="true" >
124-->src\main\AndroidManifest.xml:100:13-47
125            <meta-data
125-->src\main\AndroidManifest.xml:101:13-103:63
126                android:name="android.support.FILE_PROVIDER_PATHS"
126-->src\main\AndroidManifest.xml:102:17-67
127                android:resource="@xml/file_provider_paths" />
127-->src\main\AndroidManifest.xml:103:17-60
128        </provider>
129
130        <uses-library
130-->[androidx.camera:camera-extensions:1.3.1] AndroidManifest.xml:29:9-31:40
131            android:name="androidx.camera.extensions.impl"
131-->[androidx.camera:camera-extensions:1.3.1] AndroidManifest.xml:30:13-59
132            android:required="false" />
132-->[androidx.camera:camera-extensions:1.3.1] AndroidManifest.xml:31:13-37
133
134        <service
134-->[androidx.camera:camera-camera2:1.3.1] AndroidManifest.xml:24:9-33:19
135            android:name="androidx.camera.core.impl.MetadataHolderService"
135-->[androidx.camera:camera-camera2:1.3.1] AndroidManifest.xml:25:13-75
136            android:enabled="false"
136-->[androidx.camera:camera-camera2:1.3.1] AndroidManifest.xml:26:13-36
137            android:exported="false" >
137-->[androidx.camera:camera-camera2:1.3.1] AndroidManifest.xml:27:13-37
138            <meta-data
138-->[androidx.camera:camera-camera2:1.3.1] AndroidManifest.xml:30:13-32:89
139                android:name="androidx.camera.core.impl.MetadataHolderService.DEFAULT_CONFIG_PROVIDER"
139-->[androidx.camera:camera-camera2:1.3.1] AndroidManifest.xml:31:17-103
140                android:value="androidx.camera.camera2.Camera2Config$DefaultProvider" />
140-->[androidx.camera:camera-camera2:1.3.1] AndroidManifest.xml:32:17-86
141        </service>
142
143        <provider
143-->[androidx.emoji2:emoji2:1.2.0] AndroidManifest.xml:24:9-32:20
144            android:name="androidx.startup.InitializationProvider"
144-->[androidx.emoji2:emoji2:1.2.0] AndroidManifest.xml:25:13-67
145            android:authorities="com.example.chilidisease.androidx-startup"
145-->[androidx.emoji2:emoji2:1.2.0] AndroidManifest.xml:26:13-68
146            android:exported="false" >
146-->[androidx.emoji2:emoji2:1.2.0] AndroidManifest.xml:27:13-37
147            <meta-data
147-->[androidx.emoji2:emoji2:1.2.0] AndroidManifest.xml:29:13-31:52
148                android:name="androidx.emoji2.text.EmojiCompatInitializer"
148-->[androidx.emoji2:emoji2:1.2.0] AndroidManifest.xml:30:17-75
149                android:value="androidx.startup" />
149-->[androidx.emoji2:emoji2:1.2.0] AndroidManifest.xml:31:17-49
150            <meta-data
150-->[androidx.lifecycle:lifecycle-process:2.7.0] AndroidManifest.xml:29:13-31:52
151                android:name="androidx.lifecycle.ProcessLifecycleInitializer"
151-->[androidx.lifecycle:lifecycle-process:2.7.0] AndroidManifest.xml:30:17-78
152                android:value="androidx.startup" />
152-->[androidx.lifecycle:lifecycle-process:2.7.0] AndroidManifest.xml:31:17-49
153            <meta-data
153-->[androidx.profileinstaller:profileinstaller:1.3.0] AndroidManifest.xml:29:13-31:52
154                android:name="androidx.profileinstaller.ProfileInstallerInitializer"
154-->[androidx.profileinstaller:profileinstaller:1.3.0] AndroidManifest.xml:30:17-85
155                android:value="androidx.startup" />
155-->[androidx.profileinstaller:profileinstaller:1.3.0] AndroidManifest.xml:31:17-49
156        </provider>
157
158        <uses-library
158-->[androidx.window:window:1.0.0] AndroidManifest.xml:25:9-27:40
159            android:name="androidx.window.extensions"
159-->[androidx.window:window:1.0.0] AndroidManifest.xml:26:13-54
160            android:required="false" />
160-->[androidx.window:window:1.0.0] AndroidManifest.xml:27:13-37
161        <uses-library
161-->[androidx.window:window:1.0.0] AndroidManifest.xml:28:9-30:40
162            android:name="androidx.window.sidecar"
162-->[androidx.window:window:1.0.0] AndroidManifest.xml:29:13-51
163            android:required="false" />
163-->[androidx.window:window:1.0.0] AndroidManifest.xml:30:13-37
164
165        <receiver
165-->[androidx.profileinstaller:profileinstaller:1.3.0] AndroidManifest.xml:34:9-52:20
166            android:name="androidx.profileinstaller.ProfileInstallReceiver"
166-->[androidx.profileinstaller:profileinstaller:1.3.0] AndroidManifest.xml:35:13-76
167            android:directBootAware="false"
167-->[androidx.profileinstaller:profileinstaller:1.3.0] AndroidManifest.xml:36:13-44
168            android:enabled="true"
168-->[androidx.profileinstaller:profileinstaller:1.3.0] AndroidManifest.xml:37:13-35
169            android:exported="true"
169-->[androidx.profileinstaller:profileinstaller:1.3.0] AndroidManifest.xml:38:13-36
170            android:permission="android.permission.DUMP" >
170-->[androidx.profileinstaller:profileinstaller:1.3.0] AndroidManifest.xml:39:13-57
171            <intent-filter>
171-->[androidx.profileinstaller:profileinstaller:1.3.0] AndroidManifest.xml:40:13-42:29
172                <action android:name="androidx.profileinstaller.action.INSTALL_PROFILE" />
172-->[androidx.profileinstaller:profileinstaller:1.3.0] AndroidManifest.xml:41:17-91
172-->[androidx.profileinstaller:profileinstaller:1.3.0] AndroidManifest.xml:41:25-88
173            </intent-filter>
174            <intent-filter>
174-->[androidx.profileinstaller:profileinstaller:1.3.0] AndroidManifest.xml:43:13-45:29
175                <action android:name="androidx.profileinstaller.action.SKIP_FILE" />
175-->[androidx.profileinstaller:profileinstaller:1.3.0] AndroidManifest.xml:44:17-85
175-->[androidx.profileinstaller:profileinstaller:1.3.0] AndroidManifest.xml:44:25-82
176            </intent-filter>
177            <intent-filter>
177-->[androidx.profileinstaller:profileinstaller:1.3.0] AndroidManifest.xml:46:13-48:29
178                <action android:name="androidx.profileinstaller.action.SAVE_PROFILE" />
178-->[androidx.profileinstaller:profileinstaller:1.3.0] AndroidManifest.xml:47:17-88
178-->[androidx.profileinstaller:profileinstaller:1.3.0] AndroidManifest.xml:47:25-85
179            </intent-filter>
180            <intent-filter>
180-->[androidx.profileinstaller:profileinstaller:1.3.0] AndroidManifest.xml:49:13-51:29
181                <action android:name="androidx.profileinstaller.action.BENCHMARK_OPERATION" />
181-->[androidx.profileinstaller:profileinstaller:1.3.0] AndroidManifest.xml:50:17-95
181-->[androidx.profileinstaller:profileinstaller:1.3.0] AndroidManifest.xml:50:25-92
182            </intent-filter>
183        </receiver>
184    </application>
185
186</manifest>